<?xml version="1.0" encoding="UTF-8"?>
<testng-results ignored="0" total="2" passed="2" failed="0" skipped="0">
  <reporter-output>
  </reporter-output>
  <suite started-at="2023-03-16T13:48:16 EDT" name="Suite" finished-at="2023-03-16T13:48:28 EDT" duration-ms="11930">
    <groups>
    </groups>
    <test started-at="2023-03-16T13:48:16 EDT" name="Test1" finished-at="2023-03-16T13:48:27 EDT" duration-ms="10347">
      <class name="co.xyz.selenium.webdriver.basic.Day2">
        <test-method signature="invokeBrowser1()[pri:0, instance:co.xyz.selenium.webdriver.basic.Day2@5cee5251]" started-at="2023-03-16T13:48:16 EDT" name="invokeBrowser1" finished-at="2023-03-16T13:48:27 EDT" duration-ms="10316" status="PASS">
          <reporter-output>
          </reporter-output>
        </test-method> <!-- invokeBrowser1 -->
      </class> <!-- co.xyz.selenium.webdriver.basic.Day2 -->
    </test> <!-- Test1 -->
    <test started-at="2023-03-16T13:48:16 EDT" name="Test" finished-at="2023-03-16T13:48:28 EDT" duration-ms="11930">
      <class name="co.xyz.selenium.webdriver.basic.Day1">
        <test-method signature="invokeBrowser()[pri:0, instance:co.xyz.selenium.webdriver.basic.Day1@16e7dcfd]" started-at="2023-03-16T13:48:16 EDT" name="invokeBrowser" finished-at="2023-03-16T13:48:28 EDT" duration-ms="11903" status="PASS">
          <reporter-output>
          </reporter-output>
        </test-method> <!-- invokeBrowser -->
      </class> <!-- co.xyz.selenium.webdriver.basic.Day1 -->
    </test> <!-- Test -->
  </suite> <!-- Suite -->
</testng-results>
